[debug] [2019-03-26T18:45:48.033Z] ----------------------------------------------------------------------
[debug] [2019-03-26T18:45:48.035Z] Command:       /usr/local/bin/node /usr/local/bin/firebase functions:shell
[debug] [2019-03-26T18:45:48.035Z] CLI Version:   6.5.0
[debug] [2019-03-26T18:45:48.035Z] Platform:      darwin
[debug] [2019-03-26T18:45:48.035Z] Node Version:  v10.14.2
[debug] [2019-03-26T18:45:48.040Z] Time:          Tue Mar 26 2019 11:45:48 GMT-0700 (Pacific Daylight Time)
[debug] [2019-03-26T18:45:48.040Z] ----------------------------------------------------------------------
[debug] 
[debug] [2019-03-26T18:45:48.051Z] > command requires scopes: ["email","openid","https://www.googleapis.com/auth/cloudplatformprojects.readonly","https://www.googleapis.com/auth/firebase","https://www.googleapis.com/auth/cloud-platform"]
[debug] [2019-03-26T18:45:48.051Z] > authorizing via signed-in user
[debug] [2019-03-26T18:45:48.051Z] [iam] checking project q-bot-test-7d5cb for permissions ["firebase.projects.get"]
[debug] [2019-03-26T18:45:48.053Z] >>> HTTP REQUEST POST https://cloudresourcemanager.googleapis.com/v1/projects/q-bot-test-7d5cb:testIamPermissions  

[debug] [2019-03-26T18:45:48.806Z] <<< HTTP RESPONSE 200
[info] i  functions: Preparing to emulate functions.
[debug] [2019-03-26T18:45:49.729Z] Fetching environment
[debug] [2019-03-26T18:45:49.732Z] >>> HTTP REQUEST GET https://cloudresourcemanager.googleapis.com/v1/projects/q-bot-test-7d5cb  
 
[debug] [2019-03-26T18:45:50.336Z] <<< HTTP RESPONSE 200
[debug] [2019-03-26T18:45:50.337Z] >>> HTTP REQUEST GET https://mobilesdk-pa.googleapis.com/v1/projects/894748516124:getServerAppConfig  
 
[debug] [2019-03-26T18:45:50.490Z] <<< HTTP RESPONSE 200
[debug] [2019-03-26T18:45:50.491Z] Starting @google-cloud/functions-emulator
[debug] [2019-03-26T18:45:52.059Z] Parsing function triggers
[debug] [2019-03-26T18:45:52.331Z] Deploying functions locally
