[debug] [2019-04-21T00:34:32.783Z] ----------------------------------------------------------------------
[debug] [2019-04-21T00:34:32.784Z] Command:       /usr/local/bin/node /Users/paigegorry/ACL/career-track/q-bot-test/q-bot-sandbox/node_modules/.bin/firebase deploy --only functions
[debug] [2019-04-21T00:34:32.784Z] CLI Version:   6.5.0
[debug] [2019-04-21T00:34:32.784Z] Platform:      darwin
[debug] [2019-04-21T00:34:32.784Z] Node Version:  v10.13.0
[debug] [2019-04-21T00:34:32.785Z] Time:          Sat Apr 20 2019 17:34:32 GMT-0700 (Pacific Daylight Time)
[debug] [2019-04-21T00:34:32.785Z] ----------------------------------------------------------------------
[debug] 
[debug] [2019-04-21T00:34:32.793Z] > command requires scopes: ["email","openid","https://www.googleapis.com/auth/cloudplatformprojects.readonly","https://www.googleapis.com/auth/firebase","https://www.googleapis.com/auth/cloud-platform"]
[debug] [2019-04-21T00:34:32.793Z] > authorizing via signed-in user
[debug] [2019-04-21T00:34:32.793Z] [iam] checking project q-bot-test-7d5cb for permissions ["cloudfunctions.functions.create","cloudfunctions.functions.delete","cloudfunctions.functions.get","cloudfunctions.functions.list","cloudfunctions.functions.update","cloudfunctions.operations.get","firebase.projects.get"]
[debug] [2019-04-21T00:34:32.794Z] >>> HTTP REQUEST POST https://cloudresourcemanager.googleapis.com/v1/projects/q-bot-test-7d5cb:testIamPermissions  

[debug] [2019-04-21T00:34:33.042Z] <<< HTTP RESPONSE 200
[info] 
[info] === Deploying to 'q-bot-test-7d5cb'...
[info] 
[info] i  deploying functions
[debug] [2019-04-21T00:34:34.163Z] > [functions] package.json contents: {
  "name": "functions",
  "description": "Cloud Functions for Firebase",
  "engines": {
    "node": "8"
  },
  "scripts": {
    "serve": "firebase serve --only functions",
    "shell": "firebase functions:shell",
    "start": "npm run shell",
    "deploy": "firebase deploy --only functions",
    "logs": "firebase functions:log"
  },
  "dependencies": {
    "@google-cloud/firestore": "1.2.0",
    "dotenv": "^7.0.0",
    "firebase-admin": "~7.0.0",
    "firebase-functions": "^2.2.1",
    "superagent": "^4.1.0"
  },
  "private": true
}
[info] i  functions: ensuring necessary APIs are enabled...
[debug] [2019-04-21T00:34:34.164Z] >>> HTTP REQUEST GET https://servicemanagement.googleapis.com/v1/services/cloudfunctions.googleapis.com/projectSettings/q-bot-test-7d5cb?view=CONSUMER_VIEW  
 
[debug] [2019-04-21T00:34:34.164Z] >>> HTTP REQUEST GET https://servicemanagement.googleapis.com/v1/services/runtimeconfig.googleapis.com/projectSettings/q-bot-test-7d5cb?view=CONSUMER_VIEW  
 
[debug] [2019-04-21T00:34:35.104Z] <<< HTTP RESPONSE 200
[debug] [2019-04-21T00:34:35.166Z] <<< HTTP RESPONSE 200
[info] ✔  functions: all necessary APIs are enabled
[debug] [2019-04-21T00:34:35.167Z] >>> HTTP REQUEST GET https://cloudresourcemanager.googleapis.com/v1/projects/q-bot-test-7d5cb  
 
[debug] [2019-04-21T00:34:35.393Z] <<< HTTP RESPONSE 200
[debug] [2019-04-21T00:34:35.394Z] >>> HTTP REQUEST GET https://mobilesdk-pa.googleapis.com/v1/projects/894748516124:getServerAppConfig  
 
[debug] [2019-04-21T00:34:35.581Z] <<< HTTP RESPONSE 200
[info] i  functions: preparing functions directory for uploading...
[debug] [2019-04-21T00:34:35.584Z] >>> HTTP REQUEST GET https://runtimeconfig.googleapis.com/v1beta1/projects/q-bot-test-7d5cb/configs  
 
[debug] [2019-04-21T00:34:36.075Z] <<< HTTP RESPONSE 200
[debug] [2019-04-21T00:34:36.075Z] >>> HTTP REQUEST GET https://runtimeconfig.googleapis.com/v1beta1/projects/q-bot-test-7d5cb/configs/hooks/variables  
 
[debug] [2019-04-21T00:34:36.239Z] <<< HTTP RESPONSE 200
[debug] [2019-04-21T00:34:36.241Z] >>> HTTP REQUEST GET https://runtimeconfig.googleapis.com/v1beta1/projects/q-bot-test-7d5cb/configs/hooks/variables/fsjs-spring-2019  
 
[debug] [2019-04-21T00:34:36.241Z] >>> HTTP REQUEST GET https://runtimeconfig.googleapis.com/v1beta1/projects/q-bot-test-7d5cb/configs/hooks/variables/fsjs-spring-2019-qbot  
 
[debug] [2019-04-21T00:34:36.241Z] >>> HTTP REQUEST GET https://runtimeconfig.googleapis.com/v1beta1/projects/q-bot-test-7d5cb/configs/hooks/variables/test-bot  
 
[debug] [2019-04-21T00:34:36.241Z] >>> HTTP REQUEST GET https://runtimeconfig.googleapis.com/v1beta1/projects/q-bot-test-7d5cb/configs/hooks/variables/bc-spring-2019  
 
[debug] [2019-04-21T00:34:36.242Z] >>> HTTP REQUEST GET https://runtimeconfig.googleapis.com/v1beta1/projects/q-bot-test-7d5cb/configs/hooks/variables/bc-spring-2019-qbot  
 
[debug] [2019-04-21T00:34:36.410Z] <<< HTTP RESPONSE 200
[debug] [2019-04-21T00:34:36.412Z] <<< HTTP RESPONSE 200
[debug] [2019-04-21T00:34:36.420Z] <<< HTTP RESPONSE 200
[debug] [2019-04-21T00:34:36.448Z] <<< HTTP RESPONSE 200
[debug] [2019-04-21T00:34:36.641Z] <<< HTTP RESPONSE 200
[info] i  functions: packaged functions (29.88 KB) for uploading
[debug] [2019-04-21T00:34:36.865Z] >>> HTTP REQUEST POST https://cloudfunctions.googleapis.com/v1/projects/q-bot-test-7d5cb/locations/us-central1/functions:generateUploadUrl  
 
[debug] [2019-04-21T00:34:37.167Z] <<< HTTP RESPONSE 200
[debug] [2019-04-21T00:34:37.168Z] >>> HTTP REQUEST PUT https://storage.googleapis.com/gcf-upload-us-central1-6db8c07a-284c-4439-a1f1-38d3a18b4767/e6796c62-82ce-4a65-b9a9-099b825f5f22.zip?GoogleAccessId=service-894748516124@gcf-admin-robot.iam.gserviceaccount.com&Expires=1555808680&Signature=S9AA%2FXa0LcScwWAcRXdsaatYEnYyU%2Fmzw54K6uIPU355V2m9FEiv9GCmIRTrLDQ17WeGdZvQrcA9LC0AWsS8nwyerUobHDRnvb244bm0EbtCkr0eEjw3x8Y33wzD399BeWd3Pe6n7NOfUbdCpvIeWpcqqn8uXAuM4w0cxxebL7%2B%2Fy0Ba0dLNWrQI4%2FpFWuEWh2i%2BIitj0xbgPA1AWPmDjcfgKQERHQ0HbGASGnJKb%2BC%2Baj%2BkCg4tKeYDWtFtHdiNJjbJrYe6YOvPh1cor6aPs30oBOQQipGtX8IApahxvPW%2FDdVBdSVgTTAxIT712FUSzdWI0keDxK93NAbyGv3I3Q%3D%3D  

[debug] [2019-04-21T00:34:37.501Z] <<< HTTP RESPONSE 200
[info] ✔  functions: functions folder uploaded successfully
[debug] [2019-04-21T00:34:37.503Z] >>> HTTP REQUEST GET https://cloudfunctions.googleapis.com/v1/projects/q-bot-test-7d5cb/locations/-/functions  
 
[debug] [2019-04-21T00:34:38.110Z] <<< HTTP RESPONSE 200
[info] i  functions: updating Node.js 8 function helloSlack(us-central1)...
[debug] [2019-04-21T00:34:38.113Z] Trigger is:  {"httpsTrigger":{}}
[info] i  functions: updating Node.js 8 function processQuestion(us-central1)...
[debug] [2019-04-21T00:34:38.114Z] Trigger is:  {"eventTrigger":{"resource":"projects/q-bot-test-7d5cb/databases/(default)/documents/question/{id}","eventType":"providers/cloud.firestore/eventTypes/document.create","service":"firestore.googleapis.com"}}
[info] i  functions: updating Node.js 8 function saveChannelName(us-central1)...
[debug] [2019-04-21T00:34:38.114Z] Trigger is:  {"eventTrigger":{"resource":"projects/q-bot-test-7d5cb/databases/(default)/documents/question/{id}","eventType":"providers/cloud.firestore/eventTypes/document.create","service":"firestore.googleapis.com"}}
[info] i  functions: updating Node.js 8 function saveCohortName(us-central1)...
[debug] [2019-04-21T00:34:38.114Z] Trigger is:  {"eventTrigger":{"resource":"projects/q-bot-test-7d5cb/databases/(default)/documents/cohort/{id}","eventType":"providers/cloud.firestore/eventTypes/document.create","service":"firestore.googleapis.com"}}
[info] i  functions: updating Node.js 8 function solveQuestion(us-central1)...
[debug] [2019-04-21T00:34:38.115Z] Trigger is:  {"eventTrigger":{"resource":"projects/q-bot-test-7d5cb/databases/(default)/documents/question/{id}","eventType":"providers/cloud.firestore/eventTypes/document.update","service":"firestore.googleapis.com"}}
[info] i  functions: updating Node.js 8 function rejectQuestion(us-central1)...
[debug] [2019-04-21T00:34:38.115Z] Trigger is:  {"eventTrigger":{"resource":"projects/q-bot-test-7d5cb/databases/(default)/documents/question/{id}","eventType":"providers/cloud.firestore/eventTypes/document.update","service":"firestore.googleapis.com"}}
[info] 
The following functions are found in your project but do not exist in your local source code:
	studentCount(us-central1)

If you are renaming a function or changing its region, it is recommended that you create the new function first before deleting the old one to prevent event loss. For more info, visit https://firebase.google.com/docs/functions/manage-functions#modify

[info] i  functions: continuing with other deployments.
[debug] [2019-04-21T00:34:39.906Z] >>> HTTP REQUEST PATCH https://cloudfunctions.googleapis.com/v1/projects/q-bot-test-7d5cb/locations/us-central1/functions/helloSlack {"updateMask":"sourceUploadUrl,name,labels,runtime,httpsTrigger"} 

[debug] [2019-04-21T00:34:39.907Z] >>> HTTP REQUEST PATCH https://cloudfunctions.googleapis.com/v1/projects/q-bot-test-7d5cb/locations/us-central1/functions/processQuestion {"updateMask":"sourceUploadUrl,name,labels,runtime,eventTrigger.resource,eventTrigger.eventType,eventTrigger.service"} 

[debug] [2019-04-21T00:34:39.908Z] >>> HTTP REQUEST PATCH https://cloudfunctions.googleapis.com/v1/projects/q-bot-test-7d5cb/locations/us-central1/functions/saveChannelName {"updateMask":"sourceUploadUrl,name,labels,runtime,eventTrigger.resource,eventTrigger.eventType,eventTrigger.service"} 

[debug] [2019-04-21T00:34:39.909Z] >>> HTTP REQUEST PATCH https://cloudfunctions.googleapis.com/v1/projects/q-bot-test-7d5cb/locations/us-central1/functions/saveCohortName {"updateMask":"sourceUploadUrl,name,labels,runtime,eventTrigger.resource,eventTrigger.eventType,eventTrigger.service"} 

[debug] [2019-04-21T00:34:39.909Z] >>> HTTP REQUEST PATCH https://cloudfunctions.googleapis.com/v1/projects/q-bot-test-7d5cb/locations/us-central1/functions/solveQuestion {"updateMask":"sourceUploadUrl,name,labels,runtime,eventTrigger.resource,eventTrigger.eventType,eventTrigger.service"} 

[debug] [2019-04-21T00:34:39.910Z] >>> HTTP REQUEST PATCH https://cloudfunctions.googleapis.com/v1/projects/q-bot-test-7d5cb/locations/us-central1/functions/rejectQuestion {"updateMask":"sourceUploadUrl,name,labels,runtime,eventTrigger.resource,eventTrigger.eventType,eventTrigger.service"} 

[debug] [2019-04-21T00:34:40.220Z] <<< HTTP RESPONSE 200
[debug] [2019-04-21T00:34:40.260Z] <<< HTTP RESPONSE 200
[debug] [2019-04-21T00:34:40.324Z] <<< HTTP RESPONSE 200
[debug] [2019-04-21T00:34:40.412Z] <<< HTTP RESPONSE 200
[debug] [2019-04-21T00:34:40.415Z] <<< HTTP RESPONSE 200
[debug] [2019-04-21T00:34:40.468Z] <<< HTTP RESPONSE 200
[debug] [2019-04-21T00:34:40.469Z] >>> HTTP REQUEST GET https://cloudfunctions.googleapis.com/v1/projects/q-bot-test-7d5cb/locations/-/functions  
 
[debug] [2019-04-21T00:34:41.044Z] <<< HTTP RESPONSE 200
[debug] [2019-04-21T00:34:41.045Z] >>> HTTP REQUEST GET https://cloudfunctions.googleapis.com/v1/operations/cS1ib3QtdGVzdC03ZDVjYi91cy1jZW50cmFsMS9oZWxsb1NsYWNrL0xRWGNJYWtjWTVF  
 
[debug] [2019-04-21T00:34:41.046Z] >>> HTTP REQUEST GET https://cloudfunctions.googleapis.com/v1/operations/cS1ib3QtdGVzdC03ZDVjYi91cy1jZW50cmFsMS9wcm9jZXNzUXVlc3Rpb24vYkYyTnQyTG1XWjg  
 
[debug] [2019-04-21T00:34:41.046Z] >>> HTTP REQUEST GET https://cloudfunctions.googleapis.com/v1/operations/cS1ib3QtdGVzdC03ZDVjYi91cy1jZW50cmFsMS9zYXZlQ2hhbm5lbE5hbWUvUGdjcUhENmxxMDQ  
 
[debug] [2019-04-21T00:34:41.046Z] >>> HTTP REQUEST GET https://cloudfunctions.googleapis.com/v1/operations/cS1ib3QtdGVzdC03ZDVjYi91cy1jZW50cmFsMS9zYXZlQ29ob3J0TmFtZS84UWo0S25oR0pqaw  
 
[debug] [2019-04-21T00:34:41.047Z] >>> HTTP REQUEST GET https://cloudfunctions.googleapis.com/v1/operations/cS1ib3QtdGVzdC03ZDVjYi91cy1jZW50cmFsMS9zb2x2ZVF1ZXN0aW9uL0FYMHFuREhWYzhN  
 
[debug] [2019-04-21T00:34:41.047Z] >>> HTTP REQUEST GET https://cloudfunctions.googleapis.com/v1/operations/cS1ib3QtdGVzdC03ZDVjYi91cy1jZW50cmFsMS9yZWplY3RRdWVzdGlvbi95M2NqQ0dJcWJuQQ  
 
[debug] [2019-04-21T00:34:41.221Z] <<< HTTP RESPONSE 200
[debug] [2019-04-21T00:34:41.236Z] <<< HTTP RESPONSE 200
[debug] [2019-04-21T00:34:41.247Z] <<< HTTP RESPONSE 200
[debug] [2019-04-21T00:34:41.435Z] <<< HTTP RESPONSE 200
[debug] [2019-04-21T00:34:41.469Z] <<< HTTP RESPONSE 200
[debug] [2019-04-21T00:34:41.475Z] <<< HTTP RESPONSE 200
[debug] [2019-04-21T00:34:43.226Z] >>> HTTP REQUEST GET https://cloudfunctions.googleapis.com/v1/operations/cS1ib3QtdGVzdC03ZDVjYi91cy1jZW50cmFsMS9yZWplY3RRdWVzdGlvbi95M2NqQ0dJcWJuQQ  
 
[debug] [2019-04-21T00:34:43.238Z] >>> HTTP REQUEST GET https://cloudfunctions.googleapis.com/v1/operations/cS1ib3QtdGVzdC03ZDVjYi91cy1jZW50cmFsMS9zYXZlQ29ob3J0TmFtZS84UWo0S25oR0pqaw  
 
[debug] [2019-04-21T00:34:43.247Z] >>> HTTP REQUEST GET https://cloudfunctions.googleapis.com/v1/operations/cS1ib3QtdGVzdC03ZDVjYi91cy1jZW50cmFsMS9oZWxsb1NsYWNrL0xRWGNJYWtjWTVF  
 
[debug] [2019-04-21T00:34:43.395Z] <<< HTTP RESPONSE 200
[debug] [2019-04-21T00:34:43.422Z] <<< HTTP RESPONSE 200
[debug] [2019-04-21T00:34:43.439Z] >>> HTTP REQUEST GET https://cloudfunctions.googleapis.com/v1/operations/cS1ib3QtdGVzdC03ZDVjYi91cy1jZW50cmFsMS9wcm9jZXNzUXVlc3Rpb24vYkYyTnQyTG1XWjg  
 
[debug] [2019-04-21T00:34:43.471Z] >>> HTTP REQUEST GET https://cloudfunctions.googleapis.com/v1/operations/cS1ib3QtdGVzdC03ZDVjYi91cy1jZW50cmFsMS9zb2x2ZVF1ZXN0aW9uL0FYMHFuREhWYzhN  
 
[debug] [2019-04-21T00:34:43.477Z] >>> HTTP REQUEST GET https://cloudfunctions.googleapis.com/v1/operations/cS1ib3QtdGVzdC03ZDVjYi91cy1jZW50cmFsMS9zYXZlQ2hhbm5lbE5hbWUvUGdjcUhENmxxMDQ  
 
[debug] [2019-04-21T00:34:43.626Z] <<< HTTP RESPONSE 200
[debug] [2019-04-21T00:34:43.865Z] <<< HTTP RESPONSE 200
[debug] [2019-04-21T00:34:43.883Z] <<< HTTP RESPONSE 200
[debug] [2019-04-21T00:34:43.886Z] <<< HTTP RESPONSE 200
[debug] [2019-04-21T00:34:45.401Z] >>> HTTP REQUEST GET https://cloudfunctions.googleapis.com/v1/operations/cS1ib3QtdGVzdC03ZDVjYi91cy1jZW50cmFsMS9zYXZlQ29ob3J0TmFtZS84UWo0S25oR0pqaw  
 
[debug] [2019-04-21T00:34:45.425Z] >>> HTTP REQUEST GET https://cloudfunctions.googleapis.com/v1/operations/cS1ib3QtdGVzdC03ZDVjYi91cy1jZW50cmFsMS9yZWplY3RRdWVzdGlvbi95M2NqQ0dJcWJuQQ  
 
[debug] [2019-04-21T00:34:45.631Z] >>> HTTP REQUEST GET https://cloudfunctions.googleapis.com/v1/operations/cS1ib3QtdGVzdC03ZDVjYi91cy1jZW50cmFsMS9oZWxsb1NsYWNrL0xRWGNJYWtjWTVF  
 
[debug] [2019-04-21T00:34:45.822Z] <<< HTTP RESPONSE 200
[debug] [2019-04-21T00:34:45.823Z] <<< HTTP RESPONSE 200
[debug] [2019-04-21T00:34:45.826Z] <<< HTTP RESPONSE 200
[debug] [2019-04-21T00:34:45.870Z] >>> HTTP REQUEST GET https://cloudfunctions.googleapis.com/v1/operations/cS1ib3QtdGVzdC03ZDVjYi91cy1jZW50cmFsMS9zYXZlQ2hhbm5lbE5hbWUvUGdjcUhENmxxMDQ  
 
[debug] [2019-04-21T00:34:45.886Z] >>> HTTP REQUEST GET https://cloudfunctions.googleapis.com/v1/operations/cS1ib3QtdGVzdC03ZDVjYi91cy1jZW50cmFsMS9zb2x2ZVF1ZXN0aW9uL0FYMHFuREhWYzhN  
 
[debug] [2019-04-21T00:34:45.888Z] >>> HTTP REQUEST GET https://cloudfunctions.googleapis.com/v1/operations/cS1ib3QtdGVzdC03ZDVjYi91cy1jZW50cmFsMS9wcm9jZXNzUXVlc3Rpb24vYkYyTnQyTG1XWjg  
 
[debug] [2019-04-21T00:34:46.303Z] <<< HTTP RESPONSE 200
[debug] [2019-04-21T00:34:46.333Z] <<< HTTP RESPONSE 200
[debug] [2019-04-21T00:34:46.366Z] <<< HTTP RESPONSE 200
[debug] [2019-04-21T00:34:47.826Z] >>> HTTP REQUEST GET https://cloudfunctions.googleapis.com/v1/operations/cS1ib3QtdGVzdC03ZDVjYi91cy1jZW50cmFsMS9oZWxsb1NsYWNrL0xRWGNJYWtjWTVF  
 
[debug] [2019-04-21T00:34:47.826Z] >>> HTTP REQUEST GET https://cloudfunctions.googleapis.com/v1/operations/cS1ib3QtdGVzdC03ZDVjYi91cy1jZW50cmFsMS9yZWplY3RRdWVzdGlvbi95M2NqQ0dJcWJuQQ  
 
[debug] [2019-04-21T00:34:47.830Z] >>> HTTP REQUEST GET https://cloudfunctions.googleapis.com/v1/operations/cS1ib3QtdGVzdC03ZDVjYi91cy1jZW50cmFsMS9zYXZlQ29ob3J0TmFtZS84UWo0S25oR0pqaw  
 
[debug] [2019-04-21T00:34:48.013Z] <<< HTTP RESPONSE 200
[debug] [2019-04-21T00:34:48.225Z] <<< HTTP RESPONSE 200
[debug] [2019-04-21T00:34:48.229Z] <<< HTTP RESPONSE 200
[debug] [2019-04-21T00:34:48.308Z] >>> HTTP REQUEST GET https://cloudfunctions.googleapis.com/v1/operations/cS1ib3QtdGVzdC03ZDVjYi91cy1jZW50cmFsMS9zYXZlQ2hhbm5lbE5hbWUvUGdjcUhENmxxMDQ  
 
[debug] [2019-04-21T00:34:48.333Z] >>> HTTP REQUEST GET https://cloudfunctions.googleapis.com/v1/operations/cS1ib3QtdGVzdC03ZDVjYi91cy1jZW50cmFsMS9zb2x2ZVF1ZXN0aW9uL0FYMHFuREhWYzhN  
 
[debug] [2019-04-21T00:34:48.367Z] >>> HTTP REQUEST GET https://cloudfunctions.googleapis.com/v1/operations/cS1ib3QtdGVzdC03ZDVjYi91cy1jZW50cmFsMS9wcm9jZXNzUXVlc3Rpb24vYkYyTnQyTG1XWjg  
 
[debug] [2019-04-21T00:34:48.455Z] <<< HTTP RESPONSE 200
[debug] [2019-04-21T00:34:48.535Z] <<< HTTP RESPONSE 200
[debug] [2019-04-21T00:34:48.743Z] <<< HTTP RESPONSE 200
[debug] [2019-04-21T00:34:50.014Z] >>> HTTP REQUEST GET https://cloudfunctions.googleapis.com/v1/operations/cS1ib3QtdGVzdC03ZDVjYi91cy1jZW50cmFsMS9yZWplY3RRdWVzdGlvbi95M2NqQ0dJcWJuQQ  
 
[debug] [2019-04-21T00:34:50.189Z] <<< HTTP RESPONSE 200
[debug] [2019-04-21T00:34:50.227Z] >>> HTTP REQUEST GET https://cloudfunctions.googleapis.com/v1/operations/cS1ib3QtdGVzdC03ZDVjYi91cy1jZW50cmFsMS9zYXZlQ29ob3J0TmFtZS84UWo0S25oR0pqaw  
 
[debug] [2019-04-21T00:34:50.230Z] >>> HTTP REQUEST GET https://cloudfunctions.googleapis.com/v1/operations/cS1ib3QtdGVzdC03ZDVjYi91cy1jZW50cmFsMS9oZWxsb1NsYWNrL0xRWGNJYWtjWTVF  
 
[debug] [2019-04-21T00:34:50.376Z] <<< HTTP RESPONSE 200
[debug] [2019-04-21T00:34:50.456Z] >>> HTTP REQUEST GET https://cloudfunctions.googleapis.com/v1/operations/cS1ib3QtdGVzdC03ZDVjYi91cy1jZW50cmFsMS9zYXZlQ2hhbm5lbE5hbWUvUGdjcUhENmxxMDQ  
 
[debug] [2019-04-21T00:34:50.541Z] >>> HTTP REQUEST GET https://cloudfunctions.googleapis.com/v1/operations/cS1ib3QtdGVzdC03ZDVjYi91cy1jZW50cmFsMS9wcm9jZXNzUXVlc3Rpb24vYkYyTnQyTG1XWjg  
 
[debug] [2019-04-21T00:34:50.635Z] <<< HTTP RESPONSE 200
[debug] [2019-04-21T00:34:50.748Z] >>> HTTP REQUEST GET https://cloudfunctions.googleapis.com/v1/operations/cS1ib3QtdGVzdC03ZDVjYi91cy1jZW50cmFsMS9zb2x2ZVF1ZXN0aW9uL0FYMHFuREhWYzhN  
 
[debug] [2019-04-21T00:34:50.838Z] <<< HTTP RESPONSE 200
[debug] [2019-04-21T00:34:50.927Z] <<< HTTP RESPONSE 200
[debug] [2019-04-21T00:34:51.139Z] <<< HTTP RESPONSE 200
[debug] [2019-04-21T00:34:52.192Z] >>> HTTP REQUEST GET https://cloudfunctions.googleapis.com/v1/operations/cS1ib3QtdGVzdC03ZDVjYi91cy1jZW50cmFsMS9yZWplY3RRdWVzdGlvbi95M2NqQ0dJcWJuQQ  
 
[debug] [2019-04-21T00:34:52.377Z] >>> HTTP REQUEST GET https://cloudfunctions.googleapis.com/v1/operations/cS1ib3QtdGVzdC03ZDVjYi91cy1jZW50cmFsMS9zYXZlQ29ob3J0TmFtZS84UWo0S25oR0pqaw  
 
[debug] [2019-04-21T00:34:52.383Z] <<< HTTP RESPONSE 200
[debug] [2019-04-21T00:34:52.540Z] <<< HTTP RESPONSE 200
[debug] [2019-04-21T00:34:52.640Z] >>> HTTP REQUEST GET https://cloudfunctions.googleapis.com/v1/operations/cS1ib3QtdGVzdC03ZDVjYi91cy1jZW50cmFsMS9oZWxsb1NsYWNrL0xRWGNJYWtjWTVF  
 
[debug] [2019-04-21T00:34:52.840Z] >>> HTTP REQUEST GET https://cloudfunctions.googleapis.com/v1/operations/cS1ib3QtdGVzdC03ZDVjYi91cy1jZW50cmFsMS9zYXZlQ2hhbm5lbE5hbWUvUGdjcUhENmxxMDQ  
 
[debug] [2019-04-21T00:34:52.930Z] >>> HTTP REQUEST GET https://cloudfunctions.googleapis.com/v1/operations/cS1ib3QtdGVzdC03ZDVjYi91cy1jZW50cmFsMS9wcm9jZXNzUXVlc3Rpb24vYkYyTnQyTG1XWjg  
 
[debug] [2019-04-21T00:34:53.022Z] <<< HTTP RESPONSE 200
[debug] [2019-04-21T00:34:53.141Z] >>> HTTP REQUEST GET https://cloudfunctions.googleapis.com/v1/operations/cS1ib3QtdGVzdC03ZDVjYi91cy1jZW50cmFsMS9zb2x2ZVF1ZXN0aW9uL0FYMHFuREhWYzhN  
 
[debug] [2019-04-21T00:34:53.142Z] <<< HTTP RESPONSE 200
[debug] [2019-04-21T00:34:53.209Z] <<< HTTP RESPONSE 200
[debug] [2019-04-21T00:34:53.572Z] <<< HTTP RESPONSE 200
[debug] [2019-04-21T00:34:54.386Z] >>> HTTP REQUEST GET https://cloudfunctions.googleapis.com/v1/operations/cS1ib3QtdGVzdC03ZDVjYi91cy1jZW50cmFsMS9yZWplY3RRdWVzdGlvbi95M2NqQ0dJcWJuQQ  
 
[debug] [2019-04-21T00:34:54.542Z] >>> HTTP REQUEST GET https://cloudfunctions.googleapis.com/v1/operations/cS1ib3QtdGVzdC03ZDVjYi91cy1jZW50cmFsMS9zYXZlQ29ob3J0TmFtZS84UWo0S25oR0pqaw  
 
[debug] [2019-04-21T00:34:54.761Z] <<< HTTP RESPONSE 200
[debug] [2019-04-21T00:34:54.956Z] <<< HTTP RESPONSE 200
[debug] [2019-04-21T00:34:55.025Z] >>> HTTP REQUEST GET https://cloudfunctions.googleapis.com/v1/operations/cS1ib3QtdGVzdC03ZDVjYi91cy1jZW50cmFsMS9oZWxsb1NsYWNrL0xRWGNJYWtjWTVF  
 
[debug] [2019-04-21T00:34:55.145Z] >>> HTTP REQUEST GET https://cloudfunctions.googleapis.com/v1/operations/cS1ib3QtdGVzdC03ZDVjYi91cy1jZW50cmFsMS9wcm9jZXNzUXVlc3Rpb24vYkYyTnQyTG1XWjg  
 
[debug] [2019-04-21T00:34:55.176Z] <<< HTTP RESPONSE 200
[debug] [2019-04-21T00:34:55.215Z] >>> HTTP REQUEST GET https://cloudfunctions.googleapis.com/v1/operations/cS1ib3QtdGVzdC03ZDVjYi91cy1jZW50cmFsMS9zYXZlQ2hhbm5lbE5hbWUvUGdjcUhENmxxMDQ  
 
[debug] [2019-04-21T00:34:55.539Z] <<< HTTP RESPONSE 200
[debug] [2019-04-21T00:34:55.573Z] >>> HTTP REQUEST GET https://cloudfunctions.googleapis.com/v1/operations/cS1ib3QtdGVzdC03ZDVjYi91cy1jZW50cmFsMS9zb2x2ZVF1ZXN0aW9uL0FYMHFuREhWYzhN  
 
[debug] [2019-04-21T00:34:55.599Z] <<< HTTP RESPONSE 200
[debug] [2019-04-21T00:34:55.950Z] <<< HTTP RESPONSE 200
[debug] [2019-04-21T00:34:56.763Z] >>> HTTP REQUEST GET https://cloudfunctions.googleapis.com/v1/operations/cS1ib3QtdGVzdC03ZDVjYi91cy1jZW50cmFsMS9yZWplY3RRdWVzdGlvbi95M2NqQ0dJcWJuQQ  
 
[debug] [2019-04-21T00:34:56.920Z] <<< HTTP RESPONSE 200
[debug] [2019-04-21T00:34:56.959Z] >>> HTTP REQUEST GET https://cloudfunctions.googleapis.com/v1/operations/cS1ib3QtdGVzdC03ZDVjYi91cy1jZW50cmFsMS9zYXZlQ29ob3J0TmFtZS84UWo0S25oR0pqaw  
 
[debug] [2019-04-21T00:34:57.113Z] <<< HTTP RESPONSE 200
[debug] [2019-04-21T00:34:57.179Z] >>> HTTP REQUEST GET https://cloudfunctions.googleapis.com/v1/operations/cS1ib3QtdGVzdC03ZDVjYi91cy1jZW50cmFsMS9oZWxsb1NsYWNrL0xRWGNJYWtjWTVF  
 
[debug] [2019-04-21T00:34:57.330Z] <<< HTTP RESPONSE 200
[debug] [2019-04-21T00:34:57.544Z] >>> HTTP REQUEST GET https://cloudfunctions.googleapis.com/v1/operations/cS1ib3QtdGVzdC03ZDVjYi91cy1jZW50cmFsMS9wcm9jZXNzUXVlc3Rpb24vYkYyTnQyTG1XWjg  
 
[debug] [2019-04-21T00:34:57.602Z] >>> HTTP REQUEST GET https://cloudfunctions.googleapis.com/v1/operations/cS1ib3QtdGVzdC03ZDVjYi91cy1jZW50cmFsMS9zYXZlQ2hhbm5lbE5hbWUvUGdjcUhENmxxMDQ  
 
[debug] [2019-04-21T00:34:57.694Z] <<< HTTP RESPONSE 200
[debug] [2019-04-21T00:34:57.956Z] >>> HTTP REQUEST GET https://cloudfunctions.googleapis.com/v1/operations/cS1ib3QtdGVzdC03ZDVjYi91cy1jZW50cmFsMS9zb2x2ZVF1ZXN0aW9uL0FYMHFuREhWYzhN  
 
[debug] [2019-04-21T00:34:57.982Z] <<< HTTP RESPONSE 200
[debug] [2019-04-21T00:34:58.925Z] >>> HTTP REQUEST GET https://cloudfunctions.googleapis.com/v1/operations/cS1ib3QtdGVzdC03ZDVjYi91cy1jZW50cmFsMS9yZWplY3RRdWVzdGlvbi95M2NqQ0dJcWJuQQ  
 
[debug] [2019-04-21T00:34:59.099Z] <<< HTTP RESPONSE 200
[debug] [2019-04-21T00:34:59.115Z] <<< HTTP RESPONSE 200
[debug] [2019-04-21T00:34:59.116Z] >>> HTTP REQUEST GET https://cloudfunctions.googleapis.com/v1/operations/cS1ib3QtdGVzdC03ZDVjYi91cy1jZW50cmFsMS9zYXZlQ29ob3J0TmFtZS84UWo0S25oR0pqaw  
 
[debug] [2019-04-21T00:34:59.266Z] <<< HTTP RESPONSE 200
[debug] [2019-04-21T00:34:59.335Z] >>> HTTP REQUEST GET https://cloudfunctions.googleapis.com/v1/operations/cS1ib3QtdGVzdC03ZDVjYi91cy1jZW50cmFsMS9oZWxsb1NsYWNrL0xRWGNJYWtjWTVF  
 
[debug] [2019-04-21T00:34:59.503Z] <<< HTTP RESPONSE 200
[debug] [2019-04-21T00:34:59.700Z] >>> HTTP REQUEST GET https://cloudfunctions.googleapis.com/v1/operations/cS1ib3QtdGVzdC03ZDVjYi91cy1jZW50cmFsMS9wcm9jZXNzUXVlc3Rpb24vYkYyTnQyTG1XWjg  
 
[debug] [2019-04-21T00:34:59.983Z] >>> HTTP REQUEST GET https://cloudfunctions.googleapis.com/v1/operations/cS1ib3QtdGVzdC03ZDVjYi91cy1jZW50cmFsMS9zYXZlQ2hhbm5lbE5hbWUvUGdjcUhENmxxMDQ  
 
[debug] [2019-04-21T00:35:00.101Z] <<< HTTP RESPONSE 200
[debug] [2019-04-21T00:35:00.435Z] <<< HTTP RESPONSE 200
[debug] [2019-04-21T00:35:01.100Z] >>> HTTP REQUEST GET https://cloudfunctions.googleapis.com/v1/operations/cS1ib3QtdGVzdC03ZDVjYi91cy1jZW50cmFsMS9yZWplY3RRdWVzdGlvbi95M2NqQ0dJcWJuQQ  
 
[debug] [2019-04-21T00:35:01.116Z] >>> HTTP REQUEST GET https://cloudfunctions.googleapis.com/v1/operations/cS1ib3QtdGVzdC03ZDVjYi91cy1jZW50cmFsMS9zb2x2ZVF1ZXN0aW9uL0FYMHFuREhWYzhN  
 
[debug] [2019-04-21T00:35:01.272Z] >>> HTTP REQUEST GET https://cloudfunctions.googleapis.com/v1/operations/cS1ib3QtdGVzdC03ZDVjYi91cy1jZW50cmFsMS9zYXZlQ29ob3J0TmFtZS84UWo0S25oR0pqaw  
 
[debug] [2019-04-21T00:35:01.441Z] <<< HTTP RESPONSE 200
[debug] [2019-04-21T00:35:01.493Z] <<< HTTP RESPONSE 200
[debug] [2019-04-21T00:35:01.504Z] >>> HTTP REQUEST GET https://cloudfunctions.googleapis.com/v1/operations/cS1ib3QtdGVzdC03ZDVjYi91cy1jZW50cmFsMS9oZWxsb1NsYWNrL0xRWGNJYWtjWTVF  
 
[debug] [2019-04-21T00:35:01.532Z] <<< HTTP RESPONSE 200
[debug] [2019-04-21T00:35:01.904Z] <<< HTTP RESPONSE 200
[debug] [2019-04-21T00:35:02.107Z] >>> HTTP REQUEST GET https://cloudfunctions.googleapis.com/v1/operations/cS1ib3QtdGVzdC03ZDVjYi91cy1jZW50cmFsMS9wcm9jZXNzUXVlc3Rpb24vYkYyTnQyTG1XWjg  
 
[debug] [2019-04-21T00:35:02.275Z] <<< HTTP RESPONSE 200
